Copyright 1986-2022 Xilinx, Inc. All Rights Reserved. Copyright 2022-2025 Advanced Micro Devices, Inc. All Rights Reserved.
------------------------------------------------------------------------------------------------------------------------------------------------------------------------------------------------------------------------------------
| Tool Version : Vivado v.2025.2 (win64) Build 6299465 Fri Nov 14 19:35:11 GMT 2025
| Date         : Mon Jan 12 23:32:49 2026
| Host         : Ashwins_Zenbook running 64-bit major release  (build 9200)
| Command      : report_timing_summary -max_paths 10 -routable_nets -report_unconstrained -file TwoBMult_timing_summary_routed.rpt -pb TwoBMult_timing_summary_routed.pb -rpx TwoBMult_timing_summary_routed.rpx -warn_on_violation
| Design       : TwoBMult
| Device       : 7a35t-cpg236
| Speed File   : -1  PRODUCTION 1.23 2018-06-13
| Design State : Routed
------------------------------------------------------------------------------------------------------------------------------------------------------------------------------------------------------------------------------------

Timing Summary Report

------------------------------------------------------------------------------------------------
| Timer Settings
| --------------
------------------------------------------------------------------------------------------------

  Enable Multi Corner Analysis               :  Yes
  Enable Pessimism Removal                   :  Yes
  Pessimism Removal Resolution               :  Nearest Common Node
  Enable Input Delay Default Clock           :  No
  Enable Preset / Clear Arcs                 :  No
  Disable Flight Delays                      :  No
  Ignore I/O Paths                           :  No
  Timing Early Launch at Borrowing Latches   :  No
  Borrow Time for Max Delay Exceptions       :  Yes
  Merge Timing Exceptions                    :  Yes
  Inter-SLR Compensation                     :  Conservative

  Corner  Analyze    Analyze    
  Name    Max Paths  Min Paths  
  ------  ---------  ---------  
  Slow    Yes        Yes        
  Fast    Yes        Yes        


------------------------------------------------------------------------------------------------
| Report Methodology
| ------------------
------------------------------------------------------------------------------------------------

No report available as report_methodology has not been run prior. Run report_methodology on the current design for the summary of methodology violations.



check_timing report

Table of Contents
-----------------
1. checking no_clock (0)
2. checking constant_clock (0)
3. checking pulse_width_clock (0)
4. checking unconstrained_internal_endpoints (0)
5. checking no_input_delay (0)
6. checking no_output_delay (0)
7. checking multiple_clock (0)
8. checking generated_clocks (0)
9. checking loops (0)
10. checking partial_input_delay (0)
11. checking partial_output_delay (0)
12. checking latch_loops (0)

1. checking no_clock (0)
------------------------
 There are 0 register/latch pins with no clock.


2. checking constant_clock (0)
------------------------------
 There are 0 register/latch pins with constant_clock.


3. checking pulse_width_clock (0)
---------------------------------
 There are 0 register/latch pins which need pulse_width check


4. checking unconstrained_internal_endpoints (0)
------------------------------------------------
 There are 0 pins that are not constrained for maximum delay.

 There are 0 pins that are not constrained for maximum delay due to constant clock.


5. checking no_input_delay (0)
------------------------------
 There are 0 input ports with no input delay specified.

 There are 0 input ports with no input delay but user has a false path constraint.


6. checking no_output_delay (0)
-------------------------------
 There are 0 ports with no output delay specified.

 There are 0 ports with no output delay but user has a false path constraint

 There are 0 ports with no output delay but with a timing clock defined on it or propagating through it


7. checking multiple_clock (0)
------------------------------
 There are 0 register/latch pins with multiple clocks.


8. checking generated_clocks (0)
--------------------------------
 There are 0 generated clocks that are not connected to a clock source.


9. checking loops (0)
---------------------
 There are 0 combinational loops in the design.


10. checking partial_input_delay (0)
------------------------------------
 There are 0 input ports with partial input delay specified.


11. checking partial_output_delay (0)
-------------------------------------
 There are 0 ports with partial output delay specified.


12. checking latch_loops (0)
----------------------------
 There are 0 combinational latch loops in the design through latch input



------------------------------------------------------------------------------------------------
| Design Timing Summary
| ---------------------
------------------------------------------------------------------------------------------------

    WNS(ns)      TNS(ns)  TNS Failing Endpoints  TNS Total Endpoints      WHS(ns)      THS(ns)  THS Failing Endpoints  THS Total Endpoints     WPWS(ns)     TPWS(ns)  TPWS Failing Endpoints  TPWS Total Endpoints  
    -------      -------  ---------------------  -------------------      -------      -------  ---------------------  -------------------     --------     --------  ----------------------  --------------------  
        inf        0.000                      0                    4          inf        0.000                      0                    4           NA           NA                      NA                    NA  


There are no user specified timing constraints.


------------------------------------------------------------------------------------------------
| Clock Summary
| -------------
------------------------------------------------------------------------------------------------


------------------------------------------------------------------------------------------------
| Intra Clock Table
| -----------------
------------------------------------------------------------------------------------------------

Clock             WNS(ns)      TNS(ns)  TNS Failing Endpoints  TNS Total Endpoints      WHS(ns)      THS(ns)  THS Failing Endpoints  THS Total Endpoints     WPWS(ns)     TPWS(ns)  TPWS Failing Endpoints  TPWS Total Endpoints  
-----             -------      -------  ---------------------  -------------------      -------      -------  ---------------------  -------------------     --------     --------  ----------------------  --------------------  


------------------------------------------------------------------------------------------------
| Inter Clock Table
| -----------------
------------------------------------------------------------------------------------------------

From Clock    To Clock          WNS(ns)      TNS(ns)  TNS Failing Endpoints  TNS Total Endpoints      WHS(ns)      THS(ns)  THS Failing Endpoints  THS Total Endpoints  
----------    --------          -------      -------  ---------------------  -------------------      -------      -------  ---------------------  -------------------  


------------------------------------------------------------------------------------------------
| Other Path Groups Table
| -----------------------
------------------------------------------------------------------------------------------------

Path Group    From Clock    To Clock          WNS(ns)      TNS(ns)  TNS Failing Endpoints  TNS Total Endpoints      WHS(ns)      THS(ns)  THS Failing Endpoints  THS Total Endpoints  
----------    ----------    --------          -------      -------  ---------------------  -------------------      -------      -------  ---------------------  -------------------  


------------------------------------------------------------------------------------------------
| User Ignored Path Table
| -----------------------
------------------------------------------------------------------------------------------------

Path Group    From Clock    To Clock    
----------    ----------    --------    


------------------------------------------------------------------------------------------------
| Unconstrained Path Table
| ------------------------
------------------------------------------------------------------------------------------------

Path Group    From Clock    To Clock    
----------    ----------    --------    
(none)                                    


------------------------------------------------------------------------------------------------
| Timing Details
| --------------
------------------------------------------------------------------------------------------------


--------------------------------------------------------------------------------------
Path Group:  (none)
From Clock:  
  To Clock:  

Max Delay             4 Endpoints
Min Delay             4 Endpoints
--------------------------------------------------------------------------------------


Max Delay Paths
--------------------------------------------------------------------------------------
Slack:                    inf
  Source:                 B[1]
                            (input port)
  Destination:            P[1]
                            (output port)
  Path Group:             (none)
  Path Type:              Max at Slow Process Corner
  Data Path Delay:        7.087ns  (logic 3.893ns (54.926%)  route 3.194ns (45.074%))
  Logic Levels:           3  (IBUF=1 LUT4=1 OBUF=1)

    Location             Delay type                Incr(ns)  Path(ns)    Netlist Resource(s)
  -------------------------------------------------------------------    -------------------
    U16                                               0.000     0.000 r  B[1] (IN)
                         net (fo=0)                   0.000     0.000    B[1]
    U16                  IBUF (Prop_ibuf_I_O)         0.935     0.935 r  B_IBUF[1]_inst/O
                         net (fo=3, routed)           1.371     2.306    B_IBUF[1]
    SLICE_X0Y3           LUT4 (Prop_lut4_I0_O)        0.152     2.458 r  P_OBUF[1]_inst_i_1/O
                         net (fo=1, routed)           1.824     4.281    P_OBUF[1]
    W14                  OBUF (Prop_obuf_I_O)         2.806     7.087 r  P_OBUF[1]_inst/O
                         net (fo=0)                   0.000     7.087    P[1]
    W14                                                               r  P[1] (OUT)
  -------------------------------------------------------------------    -------------------

Slack:                    inf
  Source:                 A[0]
                            (input port)
  Destination:            P[0]
                            (output port)
  Path Group:             (none)
  Path Type:              Max at Slow Process Corner
  Data Path Delay:        7.005ns  (logic 3.896ns (55.615%)  route 3.109ns (44.385%))
  Logic Levels:           3  (IBUF=1 LUT2=1 OBUF=1)

    Location             Delay type                Incr(ns)  Path(ns)    Netlist Resource(s)
  -------------------------------------------------------------------    -------------------
    U14                                               0.000     0.000 r  A[0] (IN)
                         net (fo=0)                   0.000     0.000    A[0]
    U14                  IBUF (Prop_ibuf_I_O)         0.936     0.936 r  A_IBUF[0]_inst/O
                         net (fo=4, routed)           1.409     2.346    A_IBUF[0]
    SLICE_X0Y3           LUT2 (Prop_lut2_I0_O)        0.150     2.496 r  P_OBUF[0]_inst_i_1/O
                         net (fo=1, routed)           1.700     4.196    P_OBUF[0]
    U15                  OBUF (Prop_obuf_I_O)         2.809     7.005 r  P_OBUF[0]_inst/O
                         net (fo=0)                   0.000     7.005    P[0]
    U15                                                               r  P[0] (OUT)
  -------------------------------------------------------------------    -------------------

Slack:                    inf
  Source:                 B[1]
                            (input port)
  Destination:            P[3]
                            (output port)
  Path Group:             (none)
  Path Type:              Max at Slow Process Corner
  Data Path Delay:        6.891ns  (logic 3.658ns (53.074%)  route 3.234ns (46.926%))
  Logic Levels:           3  (IBUF=1 LUT4=1 OBUF=1)

    Location             Delay type                Incr(ns)  Path(ns)    Netlist Resource(s)
  -------------------------------------------------------------------    -------------------
    U16                                               0.000     0.000 r  B[1] (IN)
                         net (fo=0)                   0.000     0.000    B[1]
    U16                  IBUF (Prop_ibuf_I_O)         0.935     0.935 r  B_IBUF[1]_inst/O
                         net (fo=3, routed)           1.371     2.306    B_IBUF[1]
    SLICE_X0Y3           LUT4 (Prop_lut4_I1_O)        0.124     2.430 r  P_OBUF[3]_inst_i_1/O
                         net (fo=1, routed)           1.863     4.293    P_OBUF[3]
    W15                  OBUF (Prop_obuf_I_O)         2.599     6.891 r  P_OBUF[3]_inst/O
                         net (fo=0)                   0.000     6.891    P[3]
    W15                                                               r  P[3] (OUT)
  -------------------------------------------------------------------    -------------------

Slack:                    inf
  Source:                 A[0]
                            (input port)
  Destination:            P[2]
                            (output port)
  Path Group:             (none)
  Path Type:              Max at Slow Process Corner
  Data Path Delay:        6.788ns  (logic 3.667ns (54.023%)  route 3.121ns (45.977%))
  Logic Levels:           3  (IBUF=1 LUT4=1 OBUF=1)

    Location             Delay type                Incr(ns)  Path(ns)    Netlist Resource(s)
  -------------------------------------------------------------------    -------------------
    U14                                               0.000     0.000 f  A[0] (IN)
                         net (fo=0)                   0.000     0.000    A[0]
    U14                  IBUF (Prop_ibuf_I_O)         0.936     0.936 f  A_IBUF[0]_inst/O
                         net (fo=4, routed)           1.409     2.346    A_IBUF[0]
    SLICE_X0Y3           LUT4 (Prop_lut4_I0_O)        0.124     2.470 r  P_OBUF[2]_inst_i_1/O
                         net (fo=1, routed)           1.712     4.181    P_OBUF[2]
    W13                  OBUF (Prop_obuf_I_O)         2.607     6.788 r  P_OBUF[2]_inst/O
                         net (fo=0)                   0.000     6.788    P[2]
    W13                                                               r  P[2] (OUT)
  -------------------------------------------------------------------    -------------------





Min Delay Paths
--------------------------------------------------------------------------------------
Slack:                    inf
  Source:                 A[1]
                            (input port)
  Destination:            P[2]
                            (output port)
  Path Group:             (none)
  Path Type:              Min at Fast Process Corner
  Data Path Delay:        2.090ns  (logic 1.329ns (63.585%)  route 0.761ns (36.415%))
  Logic Levels:           3  (IBUF=1 LUT4=1 OBUF=1)

    Location             Delay type                Incr(ns)  Path(ns)    Netlist Resource(s)
  -------------------------------------------------------------------    -------------------
    V14                                               0.000     0.000 r  A[1] (IN)
                         net (fo=0)                   0.000     0.000    A[1]
    V14                  IBUF (Prop_ibuf_I_O)         0.160     0.160 r  A_IBUF[1]_inst/O
                         net (fo=3, routed)           0.404     0.564    A_IBUF[1]
    SLICE_X0Y3           LUT4 (Prop_lut4_I3_O)        0.045     0.609 r  P_OBUF[2]_inst_i_1/O
                         net (fo=1, routed)           0.357     0.966    P_OBUF[2]
    W13                  OBUF (Prop_obuf_I_O)         1.124     2.090 r  P_OBUF[2]_inst/O
                         net (fo=0)                   0.000     2.090    P[2]
    W13                                                               r  P[2] (OUT)
  -------------------------------------------------------------------    -------------------

Slack:                    inf
  Source:                 B[0]
                            (input port)
  Destination:            P[3]
                            (output port)
  Path Group:             (none)
  Path Type:              Min at Fast Process Corner
  Data Path Delay:        2.139ns  (logic 1.324ns (61.894%)  route 0.815ns (38.106%))
  Logic Levels:           3  (IBUF=1 LUT4=1 OBUF=1)

    Location             Delay type                Incr(ns)  Path(ns)    Netlist Resource(s)
  -------------------------------------------------------------------    -------------------
    V13                                               0.000     0.000 r  B[0] (IN)
                         net (fo=0)                   0.000     0.000    B[0]
    V13                  IBUF (Prop_ibuf_I_O)         0.163     0.163 r  B_IBUF[0]_inst/O
                         net (fo=4, routed)           0.401     0.564    B_IBUF[0]
    SLICE_X0Y3           LUT4 (Prop_lut4_I3_O)        0.045     0.609 r  P_OBUF[3]_inst_i_1/O
                         net (fo=1, routed)           0.414     1.024    P_OBUF[3]
    W15                  OBUF (Prop_obuf_I_O)         1.116     2.139 r  P_OBUF[3]_inst/O
                         net (fo=0)                   0.000     2.139    P[3]
    W15                                                               r  P[3] (OUT)
  -------------------------------------------------------------------    -------------------

Slack:                    inf
  Source:                 B[0]
                            (input port)
  Destination:            P[1]
                            (output port)
  Path Group:             (none)
  Path Type:              Min at Fast Process Corner
  Data Path Delay:        2.181ns  (logic 1.394ns (63.926%)  route 0.787ns (36.074%))
  Logic Levels:           3  (IBUF=1 LUT4=1 OBUF=1)

    Location             Delay type                Incr(ns)  Path(ns)    Netlist Resource(s)
  -------------------------------------------------------------------    -------------------
    V13                                               0.000     0.000 r  B[0] (IN)
                         net (fo=0)                   0.000     0.000    B[0]
    V13                  IBUF (Prop_ibuf_I_O)         0.163     0.163 r  B_IBUF[0]_inst/O
                         net (fo=4, routed)           0.401     0.564    B_IBUF[0]
    SLICE_X0Y3           LUT4 (Prop_lut4_I2_O)        0.049     0.613 r  P_OBUF[1]_inst_i_1/O
                         net (fo=1, routed)           0.386     0.999    P_OBUF[1]
    W14                  OBUF (Prop_obuf_I_O)         1.182     2.181 r  P_OBUF[1]_inst/O
                         net (fo=0)                   0.000     2.181    P[1]
    W14                                                               r  P[1] (OUT)
  -------------------------------------------------------------------    -------------------

Slack:                    inf
  Source:                 B[0]
                            (input port)
  Destination:            P[0]
                            (output port)
  Path Group:             (none)
  Path Type:              Min at Fast Process Corner
  Data Path Delay:        2.212ns  (logic 1.392ns (62.927%)  route 0.820ns (37.073%))
  Logic Levels:           3  (IBUF=1 LUT2=1 OBUF=1)

    Location             Delay type                Incr(ns)  Path(ns)    Netlist Resource(s)
  -------------------------------------------------------------------    -------------------
    V13                                               0.000     0.000 r  B[0] (IN)
                         net (fo=0)                   0.000     0.000    B[0]
    V13                  IBUF (Prop_ibuf_I_O)         0.163     0.163 r  B_IBUF[0]_inst/O
                         net (fo=4, routed)           0.472     0.636    B_IBUF[0]
    SLICE_X0Y3           LUT2 (Prop_lut2_I1_O)        0.042     0.678 r  P_OBUF[0]_inst_i_1/O
                         net (fo=1, routed)           0.348     1.025    P_OBUF[0]
    U15                  OBUF (Prop_obuf_I_O)         1.187     2.212 r  P_OBUF[0]_inst/O
                         net (fo=0)                   0.000     2.212    P[0]
    U15                                                               r  P[0] (OUT)
  -------------------------------------------------------------------    -------------------





