Copyright 1986-2022 Xilinx, Inc. All Rights Reserved. Copyright 2022-2025 Advanced Micro Devices, Inc. All Rights Reserved.
------------------------------------------------------------------------------------------------------------------------------------------------------------------------------------------------------------------------
| Tool Version : Vivado v.2025.2 (win64) Build 6299465 Fri Nov 14 19:35:11 GMT 2025
| Date         : Mon Jan 19 13:34:59 2026
| Host         : Ashwins_Zenbook running 64-bit major release  (build 9200)
| Command      : report_timing_summary -max_paths 10 -routable_nets -report_unconstrained -file FBFA_timing_summary_routed.rpt -pb FBFA_timing_summary_routed.pb -rpx FBFA_timing_summary_routed.rpx -warn_on_violation
| Design       : FBFA
| Device       : 7a35t-cpg236
| Speed File   : -1  PRODUCTION 1.23 2018-06-13
| Design State : Routed
------------------------------------------------------------------------------------------------------------------------------------------------------------------------------------------------------------------------

Timing Summary Report

------------------------------------------------------------------------------------------------
| Timer Settings
| --------------
------------------------------------------------------------------------------------------------

  Enable Multi Corner Analysis               :  Yes
  Enable Pessimism Removal                   :  Yes
  Pessimism Removal Resolution               :  Nearest Common Node
  Enable Input Delay Default Clock           :  No
  Enable Preset / Clear Arcs                 :  No
  Disable Flight Delays                      :  No
  Ignore I/O Paths                           :  No
  Timing Early Launch at Borrowing Latches   :  No
  Borrow Time for Max Delay Exceptions       :  Yes
  Merge Timing Exceptions                    :  Yes
  Inter-SLR Compensation                     :  Conservative

  Corner  Analyze    Analyze    
  Name    Max Paths  Min Paths  
  ------  ---------  ---------  
  Slow    Yes        Yes        
  Fast    Yes        Yes        


------------------------------------------------------------------------------------------------
| Report Methodology
| ------------------
------------------------------------------------------------------------------------------------

No report available as report_methodology has not been run prior. Run report_methodology on the current design for the summary of methodology violations.



check_timing report

Table of Contents
-----------------
1. checking no_clock (0)
2. checking constant_clock (0)
3. checking pulse_width_clock (0)
4. checking unconstrained_internal_endpoints (0)
5. checking no_input_delay (0)
6. checking no_output_delay (0)
7. checking multiple_clock (0)
8. checking generated_clocks (0)
9. checking loops (0)
10. checking partial_input_delay (0)
11. checking partial_output_delay (0)
12. checking latch_loops (0)

1. checking no_clock (0)
------------------------
 There are 0 register/latch pins with no clock.


2. checking constant_clock (0)
------------------------------
 There are 0 register/latch pins with constant_clock.


3. checking pulse_width_clock (0)
---------------------------------
 There are 0 register/latch pins which need pulse_width check


4. checking unconstrained_internal_endpoints (0)
------------------------------------------------
 There are 0 pins that are not constrained for maximum delay.

 There are 0 pins that are not constrained for maximum delay due to constant clock.


5. checking no_input_delay (0)
------------------------------
 There are 0 input ports with no input delay specified.

 There are 0 input ports with no input delay but user has a false path constraint.


6. checking no_output_delay (0)
-------------------------------
 There are 0 ports with no output delay specified.

 There are 0 ports with no output delay but user has a false path constraint

 There are 0 ports with no output delay but with a timing clock defined on it or propagating through it


7. checking multiple_clock (0)
------------------------------
 There are 0 register/latch pins with multiple clocks.


8. checking generated_clocks (0)
--------------------------------
 There are 0 generated clocks that are not connected to a clock source.


9. checking loops (0)
---------------------
 There are 0 combinational loops in the design.


10. checking partial_input_delay (0)
------------------------------------
 There are 0 input ports with partial input delay specified.


11. checking partial_output_delay (0)
-------------------------------------
 There are 0 ports with partial output delay specified.


12. checking latch_loops (0)
----------------------------
 There are 0 combinational latch loops in the design through latch input



------------------------------------------------------------------------------------------------
| Design Timing Summary
| ---------------------
------------------------------------------------------------------------------------------------

    WNS(ns)      TNS(ns)  TNS Failing Endpoints  TNS Total Endpoints      WHS(ns)      THS(ns)  THS Failing Endpoints  THS Total Endpoints     WPWS(ns)     TPWS(ns)  TPWS Failing Endpoints  TPWS Total Endpoints  
    -------      -------  ---------------------  -------------------      -------      -------  ---------------------  -------------------     --------     --------  ----------------------  --------------------  
        inf        0.000                      0                    5          inf        0.000                      0                    5           NA           NA                      NA                    NA  


There are no user specified timing constraints.


------------------------------------------------------------------------------------------------
| Clock Summary
| -------------
------------------------------------------------------------------------------------------------


------------------------------------------------------------------------------------------------
| Intra Clock Table
| -----------------
------------------------------------------------------------------------------------------------

Clock             WNS(ns)      TNS(ns)  TNS Failing Endpoints  TNS Total Endpoints      WHS(ns)      THS(ns)  THS Failing Endpoints  THS Total Endpoints     WPWS(ns)     TPWS(ns)  TPWS Failing Endpoints  TPWS Total Endpoints  
-----             -------      -------  ---------------------  -------------------      -------      -------  ---------------------  -------------------     --------     --------  ----------------------  --------------------  


------------------------------------------------------------------------------------------------
| Inter Clock Table
| -----------------
------------------------------------------------------------------------------------------------

From Clock    To Clock          WNS(ns)      TNS(ns)  TNS Failing Endpoints  TNS Total Endpoints      WHS(ns)      THS(ns)  THS Failing Endpoints  THS Total Endpoints  
----------    --------          -------      -------  ---------------------  -------------------      -------      -------  ---------------------  -------------------  


------------------------------------------------------------------------------------------------
| Other Path Groups Table
| -----------------------
------------------------------------------------------------------------------------------------

Path Group    From Clock    To Clock          WNS(ns)      TNS(ns)  TNS Failing Endpoints  TNS Total Endpoints      WHS(ns)      THS(ns)  THS Failing Endpoints  THS Total Endpoints  
----------    ----------    --------          -------      -------  ---------------------  -------------------      -------      -------  ---------------------  -------------------  


------------------------------------------------------------------------------------------------
| User Ignored Path Table
| -----------------------
------------------------------------------------------------------------------------------------

Path Group    From Clock    To Clock    
----------    ----------    --------    


------------------------------------------------------------------------------------------------
| Unconstrained Path Table
| ------------------------
------------------------------------------------------------------------------------------------

Path Group    From Clock    To Clock    
----------    ----------    --------    
(none)                                    


------------------------------------------------------------------------------------------------
| Timing Details
| --------------
------------------------------------------------------------------------------------------------


--------------------------------------------------------------------------------------
Path Group:  (none)
From Clock:  
  To Clock:  

Max Delay             5 Endpoints
Min Delay             5 Endpoints
--------------------------------------------------------------------------------------


Max Delay Paths
--------------------------------------------------------------------------------------
Slack:                    inf
  Source:                 sw[11]
                            (input port)
  Destination:            LED[5]
                            (output port)
  Path Group:             (none)
  Path Type:              Max at Slow Process Corner
  Data Path Delay:        12.692ns  (logic 5.454ns (42.973%)  route 7.238ns (57.027%))
  Logic Levels:           4  (IBUF=1 LUT5=2 OBUF=1)

    Location             Delay type                Incr(ns)  Path(ns)    Netlist Resource(s)
  -------------------------------------------------------------------    -------------------
    R3                                                0.000     0.000 r  sw[11] (IN)
                         net (fo=0)                   0.000     0.000    sw[11]
    R3                   IBUF (Prop_ibuf_I_O)         1.464     1.464 r  sw_IBUF[11]_inst/O
                         net (fo=3, routed)           4.264     5.728    sw_IBUF[11]
    SLICE_X0Y11          LUT5 (Prop_lut5_I0_O)        0.124     5.852 r  LED_OBUF[5]_inst_i_2/O
                         net (fo=3, routed)           0.852     6.704    c1
    SLICE_X0Y18          LUT5 (Prop_lut5_I0_O)        0.150     6.854 r  LED_OBUF[5]_inst_i_1/O
                         net (fo=1, routed)           2.122     8.976    LED_OBUF[5]
    U15                  OBUF (Prop_obuf_I_O)         3.716    12.692 r  LED_OBUF[5]_inst/O
                         net (fo=0)                   0.000    12.692    LED[5]
    U15                                                               r  LED[5] (OUT)
  -------------------------------------------------------------------    -------------------

Slack:                    inf
  Source:                 sw[11]
                            (input port)
  Destination:            LED[1]
                            (output port)
  Path Group:             (none)
  Path Type:              Max at Slow Process Corner
  Data Path Delay:        12.452ns  (logic 5.348ns (42.944%)  route 7.105ns (57.056%))
  Logic Levels:           3  (IBUF=1 LUT5=1 OBUF=1)

    Location             Delay type                Incr(ns)  Path(ns)    Netlist Resource(s)
  -------------------------------------------------------------------    -------------------
    R3                                                0.000     0.000 r  sw[11] (IN)
                         net (fo=0)                   0.000     0.000    sw[11]
    R3                   IBUF (Prop_ibuf_I_O)         1.464     1.464 r  sw_IBUF[11]_inst/O
                         net (fo=3, routed)           4.264     5.728    sw_IBUF[11]
    SLICE_X0Y11          LUT5 (Prop_lut5_I2_O)        0.152     5.880 r  LED_OBUF[1]_inst_i_1/O
                         net (fo=1, routed)           2.840     8.721    LED_OBUF[1]
    E19                  OBUF (Prop_obuf_I_O)         3.732    12.452 r  LED_OBUF[1]_inst/O
                         net (fo=0)                   0.000    12.452    LED[1]
    E19                                                               r  LED[1] (OUT)
  -------------------------------------------------------------------    -------------------

Slack:                    inf
  Source:                 sw[11]
                            (input port)
  Destination:            LED[3]
                            (output port)
  Path Group:             (none)
  Path Type:              Max at Slow Process Corner
  Data Path Delay:        12.005ns  (logic 5.221ns (43.490%)  route 6.784ns (56.510%))
  Logic Levels:           4  (IBUF=1 LUT5=2 OBUF=1)

    Location             Delay type                Incr(ns)  Path(ns)    Netlist Resource(s)
  -------------------------------------------------------------------    -------------------
    R3                                                0.000     0.000 r  sw[11] (IN)
                         net (fo=0)                   0.000     0.000    sw[11]
    R3                   IBUF (Prop_ibuf_I_O)         1.464     1.464 r  sw_IBUF[11]_inst/O
                         net (fo=3, routed)           4.264     5.728    sw_IBUF[11]
    SLICE_X0Y11          LUT5 (Prop_lut5_I0_O)        0.124     5.852 r  LED_OBUF[5]_inst_i_2/O
                         net (fo=3, routed)           0.852     6.704    c1
    SLICE_X0Y18          LUT5 (Prop_lut5_I2_O)        0.124     6.828 r  LED_OBUF[3]_inst_i_1/O
                         net (fo=1, routed)           1.668     8.496    LED_OBUF[3]
    V19                  OBUF (Prop_obuf_I_O)         3.509    12.005 r  LED_OBUF[3]_inst/O
                         net (fo=0)                   0.000    12.005    LED[3]
    V19                                                               r  LED[3] (OUT)
  -------------------------------------------------------------------    -------------------

Slack:                    inf
  Source:                 sw[11]
                            (input port)
  Destination:            LED[2]
                            (output port)
  Path Group:             (none)
  Path Type:              Max at Slow Process Corner
  Data Path Delay:        11.993ns  (logic 5.213ns (43.467%)  route 6.780ns (56.533%))
  Logic Levels:           4  (IBUF=1 LUT3=1 LUT5=1 OBUF=1)

    Location             Delay type                Incr(ns)  Path(ns)    Netlist Resource(s)
  -------------------------------------------------------------------    -------------------
    R3                                                0.000     0.000 r  sw[11] (IN)
                         net (fo=0)                   0.000     0.000    sw[11]
    R3                   IBUF (Prop_ibuf_I_O)         1.464     1.464 r  sw_IBUF[11]_inst/O
                         net (fo=3, routed)           4.264     5.728    sw_IBUF[11]
    SLICE_X0Y11          LUT5 (Prop_lut5_I0_O)        0.124     5.852 r  LED_OBUF[5]_inst_i_2/O
                         net (fo=3, routed)           0.844     6.696    c1
    SLICE_X0Y18          LUT3 (Prop_lut3_I0_O)        0.124     6.820 r  LED_OBUF[2]_inst_i_1/O
                         net (fo=1, routed)           1.671     8.492    LED_OBUF[2]
    U19                  OBUF (Prop_obuf_I_O)         3.501    11.993 r  LED_OBUF[2]_inst/O
                         net (fo=0)                   0.000    11.993    LED[2]
    U19                                                               r  LED[2] (OUT)
  -------------------------------------------------------------------    -------------------

Slack:                    inf
  Source:                 sw[11]
                            (input port)
  Destination:            LED[0]
                            (output port)
  Path Group:             (none)
  Path Type:              Max at Slow Process Corner
  Data Path Delay:        11.220ns  (logic 5.093ns (45.388%)  route 6.128ns (54.612%))
  Logic Levels:           3  (IBUF=1 LUT3=1 OBUF=1)

    Location             Delay type                Incr(ns)  Path(ns)    Netlist Resource(s)
  -------------------------------------------------------------------    -------------------
    R3                                                0.000     0.000 r  sw[11] (IN)
                         net (fo=0)                   0.000     0.000    sw[11]
    R3                   IBUF (Prop_ibuf_I_O)         1.464     1.464 r  sw_IBUF[11]_inst/O
                         net (fo=3, routed)           4.267     5.731    sw_IBUF[11]
    SLICE_X0Y11          LUT3 (Prop_lut3_I0_O)        0.124     5.855 r  LED_OBUF[0]_inst_i_1/O
                         net (fo=1, routed)           1.860     7.715    LED_OBUF[0]
    U16                  OBUF (Prop_obuf_I_O)         3.505    11.220 r  LED_OBUF[0]_inst/O
                         net (fo=0)                   0.000    11.220    LED[0]
    U16                                                               r  LED[0] (OUT)
  -------------------------------------------------------------------    -------------------





Min Delay Paths
--------------------------------------------------------------------------------------
Slack:                    inf
  Source:                 sw[2]
                            (input port)
  Destination:            LED[3]
                            (output port)
  Path Group:             (none)
  Path Type:              Min at Fast Process Corner
  Data Path Delay:        2.293ns  (logic 1.487ns (64.850%)  route 0.806ns (35.150%))
  Logic Levels:           3  (IBUF=1 LUT5=1 OBUF=1)

    Location             Delay type                Incr(ns)  Path(ns)    Netlist Resource(s)
  -------------------------------------------------------------------    -------------------
    W16                                               0.000     0.000 r  sw[2] (IN)
                         net (fo=0)                   0.000     0.000    sw[2]
    W16                  IBUF (Prop_ibuf_I_O)         0.232     0.232 r  sw_IBUF[2]_inst/O
                         net (fo=3, routed)           0.487     0.719    sw_IBUF[2]
    SLICE_X0Y18          LUT5 (Prop_lut5_I0_O)        0.045     0.764 r  LED_OBUF[3]_inst_i_1/O
                         net (fo=1, routed)           0.319     1.083    LED_OBUF[3]
    V19                  OBUF (Prop_obuf_I_O)         1.210     2.293 r  LED_OBUF[3]_inst/O
                         net (fo=0)                   0.000     2.293    LED[3]
    V19                                                               r  LED[3] (OUT)
  -------------------------------------------------------------------    -------------------

Slack:                    inf
  Source:                 sw[0]
                            (input port)
  Destination:            LED[0]
                            (output port)
  Path Group:             (none)
  Path Type:              Min at Fast Process Corner
  Data Path Delay:        2.304ns  (logic 1.472ns (63.885%)  route 0.832ns (36.115%))
  Logic Levels:           3  (IBUF=1 LUT3=1 OBUF=1)

    Location             Delay type                Incr(ns)  Path(ns)    Netlist Resource(s)
  -------------------------------------------------------------------    -------------------
    V17                                               0.000     0.000 r  sw[0] (IN)
                         net (fo=0)                   0.000     0.000    sw[0]
    V17                  IBUF (Prop_ibuf_I_O)         0.221     0.221 r  sw_IBUF[0]_inst/O
                         net (fo=3, routed)           0.409     0.630    sw_IBUF[0]
    SLICE_X0Y11          LUT3 (Prop_lut3_I1_O)        0.045     0.675 r  LED_OBUF[0]_inst_i_1/O
                         net (fo=1, routed)           0.423     1.098    LED_OBUF[0]
    U16                  OBUF (Prop_obuf_I_O)         1.206     2.304 r  LED_OBUF[0]_inst/O
                         net (fo=0)                   0.000     2.304    LED[0]
    U16                                                               r  LED[0] (OUT)
  -------------------------------------------------------------------    -------------------

Slack:                    inf
  Source:                 sw[2]
                            (input port)
  Destination:            LED[2]
                            (output port)
  Path Group:             (none)
  Path Type:              Min at Fast Process Corner
  Data Path Delay:        2.310ns  (logic 1.479ns (64.029%)  route 0.831ns (35.971%))
  Logic Levels:           3  (IBUF=1 LUT3=1 OBUF=1)

    Location             Delay type                Incr(ns)  Path(ns)    Netlist Resource(s)
  -------------------------------------------------------------------    -------------------
    W16                                               0.000     0.000 r  sw[2] (IN)
                         net (fo=0)                   0.000     0.000    sw[2]
    W16                  IBUF (Prop_ibuf_I_O)         0.232     0.232 r  sw_IBUF[2]_inst/O
                         net (fo=3, routed)           0.488     0.720    sw_IBUF[2]
    SLICE_X0Y18          LUT3 (Prop_lut3_I1_O)        0.045     0.765 r  LED_OBUF[2]_inst_i_1/O
                         net (fo=1, routed)           0.342     1.108    LED_OBUF[2]
    U19                  OBUF (Prop_obuf_I_O)         1.202     2.310 r  LED_OBUF[2]_inst/O
                         net (fo=0)                   0.000     2.310    LED[2]
    U19                                                               r  LED[2] (OUT)
  -------------------------------------------------------------------    -------------------

Slack:                    inf
  Source:                 sw[2]
                            (input port)
  Destination:            LED[5]
                            (output port)
  Path Group:             (none)
  Path Type:              Min at Fast Process Corner
  Data Path Delay:        2.574ns  (logic 1.557ns (60.512%)  route 1.016ns (39.488%))
  Logic Levels:           3  (IBUF=1 LUT5=1 OBUF=1)

    Location             Delay type                Incr(ns)  Path(ns)    Netlist Resource(s)
  -------------------------------------------------------------------    -------------------
    W16                                               0.000     0.000 r  sw[2] (IN)
                         net (fo=0)                   0.000     0.000    sw[2]
    W16                  IBUF (Prop_ibuf_I_O)         0.232     0.232 r  sw_IBUF[2]_inst/O
                         net (fo=3, routed)           0.487     0.719    sw_IBUF[2]
    SLICE_X0Y18          LUT5 (Prop_lut5_I2_O)        0.048     0.767 r  LED_OBUF[5]_inst_i_1/O
                         net (fo=1, routed)           0.529     1.296    LED_OBUF[5]
    U15                  OBUF (Prop_obuf_I_O)         1.278     2.574 r  LED_OBUF[5]_inst/O
                         net (fo=0)                   0.000     2.574    LED[5]
    U15                                                               r  LED[5] (OUT)
  -------------------------------------------------------------------    -------------------

Slack:                    inf
  Source:                 sw[0]
                            (input port)
  Destination:            LED[1]
                            (output port)
  Path Group:             (none)
  Path Type:              Min at Fast Process Corner
  Data Path Delay:        2.819ns  (logic 1.556ns (55.172%)  route 1.264ns (44.828%))
  Logic Levels:           3  (IBUF=1 LUT5=1 OBUF=1)

    Location             Delay type                Incr(ns)  Path(ns)    Netlist Resource(s)
  -------------------------------------------------------------------    -------------------
    V17                                               0.000     0.000 r  sw[0] (IN)
                         net (fo=0)                   0.000     0.000    sw[0]
    V17                  IBUF (Prop_ibuf_I_O)         0.221     0.221 r  sw_IBUF[0]_inst/O
                         net (fo=3, routed)           0.420     0.641    sw_IBUF[0]
    SLICE_X0Y11          LUT5 (Prop_lut5_I0_O)        0.042     0.683 r  LED_OBUF[1]_inst_i_1/O
                         net (fo=1, routed)           0.844     1.527    LED_OBUF[1]
    E19                  OBUF (Prop_obuf_I_O)         1.293     2.819 r  LED_OBUF[1]_inst/O
                         net (fo=0)                   0.000     2.819    LED[1]
    E19                                                               r  LED[1] (OUT)
  -------------------------------------------------------------------    -------------------





