#-----------------------------------------------------------
# Vivado v2019.2 (64-bit)
# SW Build 2708876 on Wed Nov  6 21:40:23 MST 2019
# IP Build 2700528 on Thu Nov  7 00:09:20 MST 2019
# Start of session at: Wed Jan 29 23:19:26 2025
# Process ID: 5620
# Current directory: C:/Users/USER/Documents/vivado/lab_activity_2
# Command line: vivado.exe -gui_launcher_event rodinguilauncherevent17256 C:\Users\USER\Documents\vivado\lab_activity_2\lab_activity_2.xpr
# Log file: C:/Users/USER/Documents/vivado/lab_activity_2/vivado.log
# Journal file: C:/Users/USER/Documents/vivado/lab_activity_2\vivado.jou
#-----------------------------------------------------------
start_gui
open_project C:/Users/USER/Documents/vivado/lab_activity_2/lab_activity_2.xpr
Scanning sources...
Finished scanning sources
INFO: [IP_Flow 19-234] Refreshing IP repositories
INFO: [IP_Flow 19-1704] No user IP repositories specified
INFO: [IP_Flow 19-2313] Loaded Vivado IP repository 'C:/Xilinx/Vivado/2019.2/data/ip'.
open_project: Time (s): cpu = 00:00:18 ; elapsed = 00:00:10 . Memory (MB): peak = 999.109 ; gain = 369.121
update_compile_order -fileset sources_1
exit
INFO: [Common 17-206] Exiting Vivado at Wed Jan 29 23:24:25 2025...
