#-----------------------------------------------------------
# Vivado v2019.2 (64-bit)
# SW Build 2708876 on Wed Nov  6 21:40:23 MST 2019
# IP Build 2700528 on Thu Nov  7 00:09:20 MST 2019
# Start of session at: Sun Jan 12 22:33:38 2025
# Process ID: 16932
# Current directory: C:/Users/USER/Documents/vivado/lab_activity_2
# Command line: vivado.exe -gui_launcher_event rodinguilauncherevent4364 C:\Users\USER\Documents\vivado\lab_activity_2\lab_activity_2.xpr
# Log file: C:/Users/USER/Documents/vivado/lab_activity_2/vivado.log
# Journal file: C:/Users/USER/Documents/vivado/lab_activity_2\vivado.jou
#-----------------------------------------------------------
start_gui
open_project C:/Users/USER/Documents/vivado/lab_activity_2/lab_activity_2.xpr
Scanning sources...
Finished scanning sources
INFO: [IP_Flow 19-234] Refreshing IP repositories
INFO: [IP_Flow 19-1704] No user IP repositories specified
INFO: [IP_Flow 19-2313] Loaded Vivado IP repository 'C:/Xilinx/Vivado/2019.2/data/ip'.
open_project: Time (s): cpu = 00:00:29 ; elapsed = 00:00:19 . Memory (MB): peak = 1019.801 ; gain = 368.469
update_compile_order -fileset sources_1
update_compile_order -fileset sources_1
exit
INFO: [Common 17-206] Exiting Vivado at Sun Jan 12 22:37:34 2025...
